{
  "stats": {
    "suites": 1,
    "tests": 2,
    "passes": 2,
    "pending": 0,
    "failures": 0,
    "start": "2024-02-14T07:33:54.788Z",
    "end": "2024-02-14T07:34:45.037Z",
    "duration": 50249,
    "testsRegistered": 2,
    "passPercent": 100,
    "pendingPercent": 0,
    "other": 0,
    "hasOther": false,
    "skipped": 0,
    "hasSkipped": false
  },
  "results": [
    {
      "uuid": "082a0218-ac08-4103-b99e-e1695c51eaa7",
      "title": "",
      "fullFile": "cypress\\e2e\\Login.cy.js",
      "file": "cypress\\e2e\\Login.cy.js",
      "beforeHooks": [],
      "afterHooks": [],
      "tests": [],
      "suites": [
        {
          "uuid": "e5c14fd4-2314-4c67-8394-7c307b38aa48",
          "title": "Login Test",
          "fullFile": "",
          "file": "",
          "beforeHooks": [],
          "afterHooks": [],
          "tests": [
            {
              "title": "should login with valid credentials",
              "fullTitle": "Login Test should login with valid credentials",
              "timedOut": null,
              "duration": 31545,
              "state": "passed",
              "speed": "slow",
              "pass": true,
              "fail": false,
              "pending": false,
              "context": null,
              "code": "cy.visit('https://cor2.usecology.com/');\ncy.get('#user').type('manand84');\ncy.get('#passwrd').type('Changeme!@2345');\ncy.get('#login').click();\ncy.wait(15000);\ncy.get('.leftmenu').should('be.visible');\ncy.get('.leftmenu').should('be.visible');\ncy.screenshot('passing_test');\ncy.get('.left-top-icon').should('contain', ' Waste Disposal');\ncy.request('https://cor2.usecology.com/version.json?t=1707826669772').then(response => {\n  // Verify the response status code\n  expect(response.status).to.eq(200);\n});",
              "err": {},
              "uuid": "a6419574-b6f6-40c2-b9df-c2d5d28f4cb8",
              "parentUUID": "e5c14fd4-2314-4c67-8394-7c307b38aa48",
              "isHook": false,
              "skipped": false
            },
            {
              "title": "Should handle exceptions using Cypress commands",
              "fullTitle": "Login Test Should handle exceptions using Cypress commands",
              "timedOut": null,
              "duration": 14603,
              "state": "passed",
              "speed": "slow",
              "pass": true,
              "fail": false,
              "pending": false,
              "context": null,
              "code": "cy.visit('https://cor2.usecology.com/');\ncy.get('#user').type('manand84');\ncy.get('#passwrd').type('Changeme!@2345');\ncy.get('#login').click();\n// cy.wait(15000);\ncy.get('.leftmenu').should('be.visible');",
              "err": {},
              "uuid": "65010aea-ca6a-4f8b-a729-415bfde00b71",
              "parentUUID": "e5c14fd4-2314-4c67-8394-7c307b38aa48",
              "isHook": false,
              "skipped": false
            }
          ],
          "suites": [],
          "passes": [
            "a6419574-b6f6-40c2-b9df-c2d5d28f4cb8",
            "65010aea-ca6a-4f8b-a729-415bfde00b71"
          ],
          "failures": [],
          "pending": [],
          "skipped": [],
          "duration": 46148,
          "root": false,
          "rootEmpty": false,
          "_timeout": 2000
        }
      ],
      "passes": [],
      "failures": [],
      "pending": [],
      "skipped": [],
      "duration": 0,
      "root": true,
      "rootEmpty": true,
      "_timeout": 2000
    }
  ],
  "meta": {
    "mocha": {
      "version": "7.0.1"
    },
    "mochawesome": {
      "options": {
        "quiet": false,
        "reportFilename": "[name]-report",
        "saveHtml": true,
        "saveJson": true,
        "consoleReporter": "spec",
        "useInlineDiffs": false,
        "code": true
      },
      "version": "7.1.3"
    },
    "marge": {
      "options": {
        "charts": true,
        "json": true,
        "reportsDir": "reports/your-reports-folder",
        "reportFilename": "[name]-report",
        "overwrite": true
      },
      "version": "6.2.0"
    }
  }
}