{
  "stats": {
    "suites": 1,
    "tests": 1,
    "passes": 0,
    "pending": 3,
    "failures": -2,
    "start": "2024-02-14T07:34:48.910Z",
    "end": "2024-02-14T07:34:48.965Z",
    "duration": 55,
    "testsRegistered": 3,
    "passPercent": null,
    "pendingPercent": 100,
    "other": 2,
    "hasOther": true,
    "skipped": 0,
    "hasSkipped": false
  },
  "results": [
    {
      "uuid": "11a8fd89-18df-4f4c-bd05-ad416d6bb4e6",
      "title": "",
      "fullFile": "cypress\\e2e\\Scenarios.cy.js",
      "file": "cypress\\e2e\\Scenarios.cy.js",
      "beforeHooks": [],
      "afterHooks": [],
      "tests": [],
      "suites": [
        {
          "uuid": "d59fda69-af65-4664-9cbc-d6649a74126e",
          "title": "Login Test",
          "fullFile": "",
          "file": "",
          "beforeHooks": [],
          "afterHooks": [],
          "tests": [
            {
              "title": "should login with valid credentials",
              "fullTitle": "Login Test should login with valid credentials",
              "timedOut": null,
              "duration": 0,
              "state": "pending",
              "speed": null,
              "pass": false,
              "fail": false,
              "pending": true,
              "context": null,
              "code": "// Visit the website\ncy.visit('https://cor2.usecology.com/');\n// Locate username field and enter username\ncy.get('#user').type('manand84');\n// Locate password field and enter password\ncy.get('#passwrd').type('Changeme!@2345');\n// Locate login button and click\ncy.get('#login').click();\ncy.wait(15000);\n// Wait until the dashboard menu loads\ncy.get('.leftmenu').should('be.visible');\n// Validate the dashboard locator is displayed\ncy.get('.leftmenu').should('be.visible');",
              "err": {},
              "uuid": "2fd98180-c047-4e42-ba77-d833c52935ea",
              "parentUUID": "d59fda69-af65-4664-9cbc-d6649a74126e",
              "isHook": false,
              "skipped": false
            },
            {
              "title": "should register with valid credentials",
              "fullTitle": "Login Test should register with valid credentials",
              "timedOut": null,
              "duration": 0,
              "state": "pending",
              "speed": null,
              "pass": false,
              "fail": false,
              "pending": true,
              "context": null,
              "code": "// Visit the website\ncy.visit('https://cor2.usecology.com/');\n// Click the sign up now button\ncy.get('.mt-15 > .fweight600 > .text-underline-hover').click();\ncy.wait(10000);\n// Enter user details\ncy.get('.d-none > :nth-child(1) > :nth-child(1) > .row > .col-xxl-7 > .form-control').type('John');\ncy.get('.d-none > :nth-child(1) > :nth-child(2) > .row > .col-xxl-7 > .form-control').type('Doe');\ncy.get('.d-none > :nth-child(2) > :nth-child(1) > .row > .col-xxl-7 > .form-control').type('asdhj');\ncy.get('.d-none > :nth-child(2) > :nth-child(2) > .row > .col-xxl-7 > .form-control').type('QA');\ncy.get('.d-none > :nth-child(3) > :nth-child(1) > .row > .col-xxl-7 > .form-control').type('123 Main St');\ncy.get('.d-none > :nth-child(3) > :nth-child(2) > :nth-child(1) > .col-xxl-7 > .row > .add1 > .form-control').type('Cityville');\ncy.get('.d-none > :nth-child(3) > :nth-child(2) > :nth-child(1) > .col-xxl-7 > .row > .add3 > .form-control').type('12345');\n//cy.get('select[formcontrolname=\"state\"]').eq(2).select(4);\n// cy.contains(' CA - California ').click();\ncy.get('.d-none > :nth-child(4) > :nth-child(2) > .row > .col-xxl-7 > .form-control').type('Acme Inc');\ncy.get('.d-none > :nth-child(5) > :nth-child(1) > .row > .col-xxl-7 > .input-group > .form-control').type('johndoe@yopmail.com');\ncy.get('.d-none > :nth-child(6) > :nth-child(1) > .row > .col-xxl-7 > .input-group > .form-control').type('johndoe@yopmail.com');\ncy.get('.d-none > :nth-child(5) > :nth-child(2) > .row > .col-xxl-7 > .input-group > .form-control').type('1234567890');\ncy.get('.d-none > :nth-child(6) > :nth-child(2) > .row > .col-xxl-7 > .input-group > .form-control').type('1234567890');\n//  cy.scrollTo('bottom');\ncy.get('.pd-0 > .sectiondbg > .addtb > .SEC-D > tr.ng-untouched > :nth-child(2) > .input-group > .form-control').type('888880');\ncy.get('.pd-0 > .sectiondbg > .addtb > .SEC-D > tr.ng-untouched > :nth-child(2) > .input-group > .input-group-text > a > .fa').click();\n// Agree to the terms and create an account\ncy.get('.d-none > :nth-child(10) > .text-right > #idSubmit').click();\n// Validate the success message\ncy.get('[data-test=success-message]').should('be.visible').contains('Registration successful');",
              "err": {},
              "uuid": "54b3c577-ceda-4563-8196-588c56f6a2da",
              "parentUUID": "d59fda69-af65-4664-9cbc-d6649a74126e",
              "isHook": false,
              "skipped": false
            },
            {
              "title": "should register with valid credentials",
              "fullTitle": "Login Test should register with valid credentials",
              "timedOut": null,
              "duration": 0,
              "state": "pending",
              "speed": null,
              "pass": false,
              "fail": false,
              "pending": true,
              "context": null,
              "code": "/* ==== Generated with Cypress Studio ==== */\ncy.visit('https://cor2.usecology.com/');\ncy.get('#user').clear('manand84');\ncy.get('#user').type('manand84');\ncy.get(':nth-child(2) > .mat-form-field > .mat-form-field-wrapper > .mat-form-field-flex > .mat-form-field-infix').click();\ncy.get('#passwrd').clear();\ncy.get('#passwrd').type('Changeme!@2345');\ncy.get('#login').click();\ncy.wait(15000);\ncy.get('.leftmenu > .fa').click();\ncy.get('.usecleftmenu > :nth-child(3) > a > [translate=\"\"]').click();\ncy.wait(15000);\ncy.get('[accesskey=\"B\"] > .c-p').click();\ncy.get(':nth-child(1) > :nth-child(1) > .col-md-10 > .form-control').should('have.class', 'form-control');\n/* ==== End Cypress Studio ==== */",
              "err": {},
              "uuid": "ea789adf-21da-49d5-ae5a-74ade5da5987",
              "parentUUID": "d59fda69-af65-4664-9cbc-d6649a74126e",
              "isHook": false,
              "skipped": false
            }
          ],
          "suites": [],
          "passes": [],
          "failures": [],
          "pending": [
            "2fd98180-c047-4e42-ba77-d833c52935ea",
            "54b3c577-ceda-4563-8196-588c56f6a2da",
            "ea789adf-21da-49d5-ae5a-74ade5da5987"
          ],
          "skipped": [],
          "duration": 0,
          "root": false,
          "rootEmpty": false,
          "_timeout": 2000
        }
      ],
      "passes": [],
      "failures": [],
      "pending": [],
      "skipped": [],
      "duration": 0,
      "root": true,
      "rootEmpty": true,
      "_timeout": 2000
    }
  ],
  "meta": {
    "mocha": {
      "version": "7.0.1"
    },
    "mochawesome": {
      "options": {
        "quiet": false,
        "reportFilename": "[name]-report",
        "saveHtml": true,
        "saveJson": true,
        "consoleReporter": "spec",
        "useInlineDiffs": false,
        "code": true
      },
      "version": "7.1.3"
    },
    "marge": {
      "options": {
        "charts": true,
        "json": true,
        "reportsDir": "reports/your-reports-folder",
        "reportFilename": "[name]-report",
        "overwrite": true
      },
      "version": "6.2.0"
    }
  }
}